<?xml version="1.0" encoding="UTF-8"?>
<!-- Generated by org.testng.reporters.JUnitReportReporter -->
<testsuite hostname="ZSCHN01LP0391" failures="0" tests="1" name="testScripts.LoginPageTest" time="0.539" errors="0" timestamp="2024-03-04T14:57:36 IST" skipped="0">
  <testcase classname="testScripts.LoginPageTest" name="test1" time="0.539"/>
  <system-out/>
</testsuite> <!-- testScripts.LoginPageTest -->
